  pch.cpp
  StaticOsmReader.cpp
libexpatw.lib(libexpatw.dll) : warning LNK4006: __imp__XML_UseParserAsHandlerArg ist bereits in "libexpat.lib(libexpat.dll)" definiert; zweite Definition wird ignoriert.
libexpatw.lib(libexpatw.dll) : warning LNK4006: _XML_UseParserAsHandlerArg ist bereits in "libexpat.lib(libexpat.dll)" definiert; zweite Definition wird ignoriert.
libexpatw.lib(libexpatw.dll) : warning LNK4006: __imp__XML_UseForeignDTD ist bereits in "libexpat.lib(libexpat.dll)" definiert; zweite Definition wird ignoriert.
libexpatw.lib(libexpatw.dll) : warning LNK4006: _XML_UseForeignDTD ist bereits in "libexpat.lib(libexpat.dll)" definiert; zweite Definition wird ignoriert.
libexpatw.lib(libexpatw.dll) : warning LNK4006: __imp__XML_StopParser ist bereits in "libexpat.lib(libexpat.dll)" definiert; zweite Definition wird ignoriert.
libexpatw.lib(libexpatw.dll) : warning LNK4006: _XML_StopParser ist bereits in "libexpat.lib(libexpat.dll)" definiert; zweite Definition wird ignoriert.
libexpatw.lib(libexpatw.dll) : warning LNK4006: __imp__XML_SetXmlDeclHandler ist bereits in "libexpat.lib(libexpat.dll)" definiert; zweite Definition wird ignoriert.
libexpatw.lib(libexpatw.dll) : warning LNK4006: _XML_SetXmlDeclHandler ist bereits in "libexpat.lib(libexpat.dll)" definiert; zweite Definition wird ignoriert.
libexpatw.lib(libexpatw.dll) : warning LNK4006: __imp__XML_SetUserData ist bereits in "libexpat.lib(libexpat.dll)" definiert; zweite Definition wird ignoriert.
libexpatw.lib(libexpatw.dll) : warning LNK4006: _XML_SetUserData ist bereits in "libexpat.lib(libexpat.dll)" definiert; zweite Definition wird ignoriert.
libexpatw.lib(libexpatw.dll) : warning LNK4006: __imp__XML_SetUnparsedEntityDeclHandler ist bereits in "libexpat.lib(libexpat.dll)" definiert; zweite Definition wird ignoriert.
libexpatw.lib(libexpatw.dll) : warning LNK4006: _XML_SetUnparsedEntityDeclHandler ist bereits in "libexpat.lib(libexpat.dll)" definiert; zweite Definition wird ignoriert.
libexpatw.lib(libexpatw.dll) : warning LNK4006: __imp__XML_SetUnknownEncodingHandler ist bereits in "libexpat.lib(libexpat.dll)" definiert; zweite Definition wird ignoriert.
libexpatw.lib(libexpatw.dll) : warning LNK4006: _XML_SetUnknownEncodingHandler ist bereits in "libexpat.lib(libexpat.dll)" definiert; zweite Definition wird ignoriert.
libexpatw.lib(libexpatw.dll) : warning LNK4006: __imp__XML_SetStartNamespaceDeclHandler ist bereits in "libexpat.lib(libexpat.dll)" definiert; zweite Definition wird ignoriert.
libexpatw.lib(libexpatw.dll) : warning LNK4006: _XML_SetStartNamespaceDeclHandler ist bereits in "libexpat.lib(libexpat.dll)" definiert; zweite Definition wird ignoriert.
libexpatw.lib(libexpatw.dll) : warning LNK4006: __imp__XML_SetStartElementHandler ist bereits in "libexpat.lib(libexpat.dll)" definiert; zweite Definition wird ignoriert.
libexpatw.lib(libexpatw.dll) : warning LNK4006: _XML_SetStartElementHandler ist bereits in "libexpat.lib(libexpat.dll)" definiert; zweite Definition wird ignoriert.
libexpatw.lib(libexpatw.dll) : warning LNK4006: __imp__XML_SetStartDoctypeDeclHandler ist bereits in "libexpat.lib(libexpat.dll)" definiert; zweite Definition wird ignoriert.
libexpatw.lib(libexpatw.dll) : warning LNK4006: _XML_SetStartDoctypeDeclHandler ist bereits in "libexpat.lib(libexpat.dll)" definiert; zweite Definition wird ignoriert.
libexpatw.lib(libexpatw.dll) : warning LNK4006: __imp__XML_SetStartCdataSectionHandler ist bereits in "libexpat.lib(libexpat.dll)" definiert; zweite Definition wird ignoriert.
libexpatw.lib(libexpatw.dll) : warning LNK4006: _XML_SetStartCdataSectionHandler ist bereits in "libexpat.lib(libexpat.dll)" definiert; zweite Definition wird ignoriert.
libexpatw.lib(libexpatw.dll) : warning LNK4006: __imp__XML_SetSkippedEntityHandler ist bereits in "libexpat.lib(libexpat.dll)" definiert; zweite Definition wird ignoriert.
libexpatw.lib(libexpatw.dll) : warning LNK4006: _XML_SetSkippedEntityHandler ist bereits in "libexpat.lib(libexpat.dll)" definiert; zweite Definition wird ignoriert.
libexpatw.lib(libexpatw.dll) : warning LNK4006: __imp__XML_SetReturnNSTriplet ist bereits in "libexpat.lib(libexpat.dll)" definiert; zweite Definition wird ignoriert.
libexpatw.lib(libexpatw.dll) : warning LNK4006: _XML_SetReturnNSTriplet ist bereits in "libexpat.lib(libexpat.dll)" definiert; zweite Definition wird ignoriert.
libexpatw.lib(libexpatw.dll) : warning LNK4006: __imp__XML_SetReparseDeferralEnabled ist bereits in "libexpat.lib(libexpat.dll)" definiert; zweite Definition wird ignoriert.
libexpatw.lib(libexpatw.dll) : warning LNK4006: _XML_SetReparseDeferralEnabled ist bereits in "libexpat.lib(libexpat.dll)" definiert; zweite Definition wird ignoriert.
libexpatw.lib(libexpatw.dll) : warning LNK4006: __imp__XML_SetProcessingInstructionHandler ist bereits in "libexpat.lib(libexpat.dll)" definiert; zweite Definition wird ignoriert.
libexpatw.lib(libexpatw.dll) : warning LNK4006: _XML_SetProcessingInstructionHandler ist bereits in "libexpat.lib(libexpat.dll)" definiert; zweite Definition wird ignoriert.
libexpatw.lib(libexpatw.dll) : warning LNK4006: __imp__XML_SetParamEntityParsing ist bereits in "libexpat.lib(libexpat.dll)" definiert; zweite Definition wird ignoriert.
libexpatw.lib(libexpatw.dll) : warning LNK4006: _XML_SetParamEntityParsing ist bereits in "libexpat.lib(libexpat.dll)" definiert; zweite Definition wird ignoriert.
libexpatw.lib(libexpatw.dll) : warning LNK4006: __imp__XML_SetNotationDeclHandler ist bereits in "libexpat.lib(libexpat.dll)" definiert; zweite Definition wird ignoriert.
libexpatw.lib(libexpatw.dll) : warning LNK4006: _XML_SetNotationDeclHandler ist bereits in "libexpat.lib(libexpat.dll)" definiert; zweite Definition wird ignoriert.
libexpatw.lib(libexpatw.dll) : warning LNK4006: __imp__XML_SetNotStandaloneHandler ist bereits in "libexpat.lib(libexpat.dll)" definiert; zweite Definition wird ignoriert.
libexpatw.lib(libexpatw.dll) : warning LNK4006: _XML_SetNotStandaloneHandler ist bereits in "libexpat.lib(libexpat.dll)" definiert; zweite Definition wird ignoriert.
libexpatw.lib(libexpatw.dll) : warning LNK4006: __imp__XML_SetNamespaceDeclHandler ist bereits in "libexpat.lib(libexpat.dll)" definiert; zweite Definition wird ignoriert.
libexpatw.lib(libexpatw.dll) : warning LNK4006: _XML_SetNamespaceDeclHandler ist bereits in "libexpat.lib(libexpat.dll)" definiert; zweite Definition wird ignoriert.
libexpatw.lib(libexpatw.dll) : warning LNK4006: __imp__XML_SetHashSalt ist bereits in "libexpat.lib(libexpat.dll)" definiert; zweite Definition wird ignoriert.
libexpatw.lib(libexpatw.dll) : warning LNK4006: _XML_SetHashSalt ist bereits in "libexpat.lib(libexpat.dll)" definiert; zweite Definition wird ignoriert.
libexpatw.lib(libexpatw.dll) : warning LNK4006: __imp__XML_SetExternalEntityRefHandlerArg ist bereits in "libexpat.lib(libexpat.dll)" definiert; zweite Definition wird ignoriert.
libexpatw.lib(libexpatw.dll) : warning LNK4006: _XML_SetExternalEntityRefHandlerArg ist bereits in "libexpat.lib(libexpat.dll)" definiert; zweite Definition wird ignoriert.
libexpatw.lib(libexpatw.dll) : warning LNK4006: __imp__XML_SetExternalEntityRefHandler ist bereits in "libexpat.lib(libexpat.dll)" definiert; zweite Definition wird ignoriert.
libexpatw.lib(libexpatw.dll) : warning LNK4006: _XML_SetExternalEntityRefHandler ist bereits in "libexpat.lib(libexpat.dll)" definiert; zweite Definition wird ignoriert.
libexpatw.lib(libexpatw.dll) : warning LNK4006: __imp__XML_SetEntityDeclHandler ist bereits in "libexpat.lib(libexpat.dll)" definiert; zweite Definition wird ignoriert.
libexpatw.lib(libexpatw.dll) : warning LNK4006: _XML_SetEntityDeclHandler ist bereits in "libexpat.lib(libexpat.dll)" definiert; zweite Definition wird ignoriert.
libexpatw.lib(libexpatw.dll) : warning LNK4006: __imp__XML_SetEndNamespaceDeclHandler ist bereits in "libexpat.lib(libexpat.dll)" definiert; zweite Definition wird ignoriert.
libexpatw.lib(libexpatw.dll) : warning LNK4006: _XML_SetEndNamespaceDeclHandler ist bereits in "libexpat.lib(libexpat.dll)" definiert; zweite Definition wird ignoriert.
libexpatw.lib(libexpatw.dll) : warning LNK4006: __imp__XML_SetEndElementHandler ist bereits in "libexpat.lib(libexpat.dll)" definiert; zweite Definition wird ignoriert.
libexpatw.lib(libexpatw.dll) : warning LNK4006: _XML_SetEndElementHandler ist bereits in "libexpat.lib(libexpat.dll)" definiert; zweite Definition wird ignoriert.
libexpatw.lib(libexpatw.dll) : warning LNK4006: __imp__XML_SetEndDoctypeDeclHandler ist bereits in "libexpat.lib(libexpat.dll)" definiert; zweite Definition wird ignoriert.
libexpatw.lib(libexpatw.dll) : warning LNK4006: _XML_SetEndDoctypeDeclHandler ist bereits in "libexpat.lib(libexpat.dll)" definiert; zweite Definition wird ignoriert.
libexpatw.lib(libexpatw.dll) : warning LNK4006: __imp__XML_SetEndCdataSectionHandler ist bereits in "libexpat.lib(libexpat.dll)" definiert; zweite Definition wird ignoriert.
libexpatw.lib(libexpatw.dll) : warning LNK4006: _XML_SetEndCdataSectionHandler ist bereits in "libexpat.lib(libexpat.dll)" definiert; zweite Definition wird ignoriert.
libexpatw.lib(libexpatw.dll) : warning LNK4006: __imp__XML_SetEncoding ist bereits in "libexpat.lib(libexpat.dll)" definiert; zweite Definition wird ignoriert.
libexpatw.lib(libexpatw.dll) : warning LNK4006: _XML_SetEncoding ist bereits in "libexpat.lib(libexpat.dll)" definiert; zweite Definition wird ignoriert.
libexpatw.lib(libexpatw.dll) : warning LNK4006: __imp__XML_SetElementHandler ist bereits in "libexpat.lib(libexpat.dll)" definiert; zweite Definition wird ignoriert.
libexpatw.lib(libexpatw.dll) : warning LNK4006: _XML_SetElementHandler ist bereits in "libexpat.lib(libexpat.dll)" definiert; zweite Definition wird ignoriert.
libexpatw.lib(libexpatw.dll) : warning LNK4006: __imp__XML_SetElementDeclHandler ist bereits in "libexpat.lib(libexpat.dll)" definiert; zweite Definition wird ignoriert.
libexpatw.lib(libexpatw.dll) : warning LNK4006: _XML_SetElementDeclHandler ist bereits in "libexpat.lib(libexpat.dll)" definiert; zweite Definition wird ignoriert.
libexpatw.lib(libexpatw.dll) : warning LNK4006: __imp__XML_SetDoctypeDeclHandler ist bereits in "libexpat.lib(libexpat.dll)" definiert; zweite Definition wird ignoriert.
libexpatw.lib(libexpatw.dll) : warning LNK4006: _XML_SetDoctypeDeclHandler ist bereits in "libexpat.lib(libexpat.dll)" definiert; zweite Definition wird ignoriert.
libexpatw.lib(libexpatw.dll) : warning LNK4006: __imp__XML_SetDefaultHandlerExpand ist bereits in "libexpat.lib(libexpat.dll)" definiert; zweite Definition wird ignoriert.
libexpatw.lib(libexpatw.dll) : warning LNK4006: _XML_SetDefaultHandlerExpand ist bereits in "libexpat.lib(libexpat.dll)" definiert; zweite Definition wird ignoriert.
libexpatw.lib(libexpatw.dll) : warning LNK4006: __imp__XML_SetDefaultHandler ist bereits in "libexpat.lib(libexpat.dll)" definiert; zweite Definition wird ignoriert.
libexpatw.lib(libexpatw.dll) : warning LNK4006: _XML_SetDefaultHandler ist bereits in "libexpat.lib(libexpat.dll)" definiert; zweite Definition wird ignoriert.
libexpatw.lib(libexpatw.dll) : warning LNK4006: __imp__XML_SetCommentHandler ist bereits in "libexpat.lib(libexpat.dll)" definiert; zweite Definition wird ignoriert.
libexpatw.lib(libexpatw.dll) : warning LNK4006: _XML_SetCommentHandler ist bereits in "libexpat.lib(libexpat.dll)" definiert; zweite Definition wird ignoriert.
libexpatw.lib(libexpatw.dll) : warning LNK4006: __imp__XML_SetCharacterDataHandler ist bereits in "libexpat.lib(libexpat.dll)" definiert; zweite Definition wird ignoriert.
libexpatw.lib(libexpatw.dll) : warning LNK4006: _XML_SetCharacterDataHandler ist bereits in "libexpat.lib(libexpat.dll)" definiert; zweite Definition wird ignoriert.
libexpatw.lib(libexpatw.dll) : warning LNK4006: __imp__XML_SetCdataSectionHandler ist bereits in "libexpat.lib(libexpat.dll)" definiert; zweite Definition wird ignoriert.
libexpatw.lib(libexpatw.dll) : warning LNK4006: _XML_SetCdataSectionHandler ist bereits in "libexpat.lib(libexpat.dll)" definiert; zweite Definition wird ignoriert.
libexpatw.lib(libexpatw.dll) : warning LNK4006: __imp__XML_SetBillionLaughsAttackProtectionMaximumAmplification ist bereits in "libexpat.lib(libexpat.dll)" definiert; zweite Definition wird ignoriert.
libexpatw.lib(libexpatw.dll) : warning LNK4006: _XML_SetBillionLaughsAttackProtectionMaximumAmplification ist bereits in "libexpat.lib(libexpat.dll)" definiert; zweite Definition wird ignoriert.
libexpatw.lib(libexpatw.dll) : warning LNK4006: __imp__XML_SetBillionLaughsAttackProtectionActivationThreshold ist bereits in "libexpat.lib(libexpat.dll)" definiert; zweite Definition wird ignoriert.
libexpatw.lib(libexpatw.dll) : warning LNK4006: _XML_SetBillionLaughsAttackProtectionActivationThreshold ist bereits in "libexpat.lib(libexpat.dll)" definiert; zweite Definition wird ignoriert.
libexpatw.lib(libexpatw.dll) : warning LNK4006: __imp__XML_SetBase ist bereits in "libexpat.lib(libexpat.dll)" definiert; zweite Definition wird ignoriert.
libexpatw.lib(libexpatw.dll) : warning LNK4006: _XML_SetBase ist bereits in "libexpat.lib(libexpat.dll)" definiert; zweite Definition wird ignoriert.
libexpatw.lib(libexpatw.dll) : warning LNK4006: __imp__XML_SetAttlistDeclHandler ist bereits in "libexpat.lib(libexpat.dll)" definiert; zweite Definition wird ignoriert.
libexpatw.lib(libexpatw.dll) : warning LNK4006: _XML_SetAttlistDeclHandler ist bereits in "libexpat.lib(libexpat.dll)" definiert; zweite Definition wird ignoriert.
libexpatw.lib(libexpatw.dll) : warning LNK4006: __imp__XML_ResumeParser ist bereits in "libexpat.lib(libexpat.dll)" definiert; zweite Definition wird ignoriert.
libexpatw.lib(libexpatw.dll) : warning LNK4006: _XML_ResumeParser ist bereits in "libexpat.lib(libexpat.dll)" definiert; zweite Definition wird ignoriert.
libexpatw.lib(libexpatw.dll) : warning LNK4006: __imp__XML_ParserReset ist bereits in "libexpat.lib(libexpat.dll)" definiert; zweite Definition wird ignoriert.
libexpatw.lib(libexpatw.dll) : warning LNK4006: _XML_ParserReset ist bereits in "libexpat.lib(libexpat.dll)" definiert; zweite Definition wird ignoriert.
libexpatw.lib(libexpatw.dll) : warning LNK4006: __imp__XML_ParserFree ist bereits in "libexpat.lib(libexpat.dll)" definiert; zweite Definition wird ignoriert.
libexpatw.lib(libexpatw.dll) : warning LNK4006: _XML_ParserFree ist bereits in "libexpat.lib(libexpat.dll)" definiert; zweite Definition wird ignoriert.
libexpatw.lib(libexpatw.dll) : warning LNK4006: __imp__XML_ParserCreate_MM ist bereits in "libexpat.lib(libexpat.dll)" definiert; zweite Definition wird ignoriert.
libexpatw.lib(libexpatw.dll) : warning LNK4006: _XML_ParserCreate_MM ist bereits in "libexpat.lib(libexpat.dll)" definiert; zweite Definition wird ignoriert.
libexpatw.lib(libexpatw.dll) : warning LNK4006: __imp__XML_ParserCreateNS ist bereits in "libexpat.lib(libexpat.dll)" definiert; zweite Definition wird ignoriert.
libexpatw.lib(libexpatw.dll) : warning LNK4006: _XML_ParserCreateNS ist bereits in "libexpat.lib(libexpat.dll)" definiert; zweite Definition wird ignoriert.
libexpatw.lib(libexpatw.dll) : warning LNK4006: __imp__XML_ParserCreate ist bereits in "libexpat.lib(libexpat.dll)" definiert; zweite Definition wird ignoriert.
libexpatw.lib(libexpatw.dll) : warning LNK4006: _XML_ParserCreate ist bereits in "libexpat.lib(libexpat.dll)" definiert; zweite Definition wird ignoriert.
libexpatw.lib(libexpatw.dll) : warning LNK4006: __imp__XML_ParseBuffer ist bereits in "libexpat.lib(libexpat.dll)" definiert; zweite Definition wird ignoriert.
libexpatw.lib(libexpatw.dll) : warning LNK4006: _XML_ParseBuffer ist bereits in "libexpat.lib(libexpat.dll)" definiert; zweite Definition wird ignoriert.
libexpatw.lib(libexpatw.dll) : warning LNK4006: __imp__XML_Parse ist bereits in "libexpat.lib(libexpat.dll)" definiert; zweite Definition wird ignoriert.
libexpatw.lib(libexpatw.dll) : warning LNK4006: _XML_Parse ist bereits in "libexpat.lib(libexpat.dll)" definiert; zweite Definition wird ignoriert.
libexpatw.lib(libexpatw.dll) : warning LNK4006: __imp__XML_MemRealloc ist bereits in "libexpat.lib(libexpat.dll)" definiert; zweite Definition wird ignoriert.
libexpatw.lib(libexpatw.dll) : warning LNK4006: _XML_MemRealloc ist bereits in "libexpat.lib(libexpat.dll)" definiert; zweite Definition wird ignoriert.
libexpatw.lib(libexpatw.dll) : warning LNK4006: __imp__XML_MemMalloc ist bereits in "libexpat.lib(libexpat.dll)" definiert; zweite Definition wird ignoriert.
libexpatw.lib(libexpatw.dll) : warning LNK4006: _XML_MemMalloc ist bereits in "libexpat.lib(libexpat.dll)" definiert; zweite Definition wird ignoriert.
libexpatw.lib(libexpatw.dll) : warning LNK4006: __imp__XML_MemFree ist bereits in "libexpat.lib(libexpat.dll)" definiert; zweite Definition wird ignoriert.
libexpatw.lib(libexpatw.dll) : warning LNK4006: _XML_MemFree ist bereits in "libexpat.lib(libexpat.dll)" definiert; zweite Definition wird ignoriert.
libexpatw.lib(libexpatw.dll) : warning LNK4006: __imp__XML_GetSpecifiedAttributeCount ist bereits in "libexpat.lib(libexpat.dll)" definiert; zweite Definition wird ignoriert.
libexpatw.lib(libexpatw.dll) : warning LNK4006: _XML_GetSpecifiedAttributeCount ist bereits in "libexpat.lib(libexpat.dll)" definiert; zweite Definition wird ignoriert.
libexpatw.lib(libexpatw.dll) : warning LNK4006: __imp__XML_GetParsingStatus ist bereits in "libexpat.lib(libexpat.dll)" definiert; zweite Definition wird ignoriert.
libexpatw.lib(libexpatw.dll) : warning LNK4006: _XML_GetParsingStatus ist bereits in "libexpat.lib(libexpat.dll)" definiert; zweite Definition wird ignoriert.
libexpatw.lib(libexpatw.dll) : warning LNK4006: __imp__XML_GetInputContext ist bereits in "libexpat.lib(libexpat.dll)" definiert; zweite Definition wird ignoriert.
libexpatw.lib(libexpatw.dll) : warning LNK4006: _XML_GetInputContext ist bereits in "libexpat.lib(libexpat.dll)" definiert; zweite Definition wird ignoriert.
libexpatw.lib(libexpatw.dll) : warning LNK4006: __imp__XML_GetIdAttributeIndex ist bereits in "libexpat.lib(libexpat.dll)" definiert; zweite Definition wird ignoriert.
libexpatw.lib(libexpatw.dll) : warning LNK4006: _XML_GetIdAttributeIndex ist bereits in "libexpat.lib(libexpat.dll)" definiert; zweite Definition wird ignoriert.
libexpatw.lib(libexpatw.dll) : warning LNK4006: __imp__XML_GetFeatureList ist bereits in "libexpat.lib(libexpat.dll)" definiert; zweite Definition wird ignoriert.
libexpatw.lib(libexpatw.dll) : warning LNK4006: _XML_GetFeatureList ist bereits in "libexpat.lib(libexpat.dll)" definiert; zweite Definition wird ignoriert.
libexpatw.lib(libexpatw.dll) : warning LNK4006: __imp__XML_GetErrorCode ist bereits in "libexpat.lib(libexpat.dll)" definiert; zweite Definition wird ignoriert.
libexpatw.lib(libexpatw.dll) : warning LNK4006: _XML_GetErrorCode ist bereits in "libexpat.lib(libexpat.dll)" definiert; zweite Definition wird ignoriert.
libexpatw.lib(libexpatw.dll) : warning LNK4006: __imp__XML_GetCurrentLineNumber ist bereits in "libexpat.lib(libexpat.dll)" definiert; zweite Definition wird ignoriert.
libexpatw.lib(libexpatw.dll) : warning LNK4006: _XML_GetCurrentLineNumber ist bereits in "libexpat.lib(libexpat.dll)" definiert; zweite Definition wird ignoriert.
libexpatw.lib(libexpatw.dll) : warning LNK4006: __imp__XML_GetCurrentColumnNumber ist bereits in "libexpat.lib(libexpat.dll)" definiert; zweite Definition wird ignoriert.
libexpatw.lib(libexpatw.dll) : warning LNK4006: _XML_GetCurrentColumnNumber ist bereits in "libexpat.lib(libexpat.dll)" definiert; zweite Definition wird ignoriert.
libexpatw.lib(libexpatw.dll) : warning LNK4006: __imp__XML_GetCurrentByteIndex ist bereits in "libexpat.lib(libexpat.dll)" definiert; zweite Definition wird ignoriert.
libexpatw.lib(libexpatw.dll) : warning LNK4006: _XML_GetCurrentByteIndex ist bereits in "libexpat.lib(libexpat.dll)" definiert; zweite Definition wird ignoriert.
libexpatw.lib(libexpatw.dll) : warning LNK4006: __imp__XML_GetCurrentByteCount ist bereits in "libexpat.lib(libexpat.dll)" definiert; zweite Definition wird ignoriert.
libexpatw.lib(libexpatw.dll) : warning LNK4006: _XML_GetCurrentByteCount ist bereits in "libexpat.lib(libexpat.dll)" definiert; zweite Definition wird ignoriert.
libexpatw.lib(libexpatw.dll) : warning LNK4006: __imp__XML_GetBuffer ist bereits in "libexpat.lib(libexpat.dll)" definiert; zweite Definition wird ignoriert.
libexpatw.lib(libexpatw.dll) : warning LNK4006: _XML_GetBuffer ist bereits in "libexpat.lib(libexpat.dll)" definiert; zweite Definition wird ignoriert.
libexpatw.lib(libexpatw.dll) : warning LNK4006: __imp__XML_GetBase ist bereits in "libexpat.lib(libexpat.dll)" definiert; zweite Definition wird ignoriert.
libexpatw.lib(libexpatw.dll) : warning LNK4006: _XML_GetBase ist bereits in "libexpat.lib(libexpat.dll)" definiert; zweite Definition wird ignoriert.
libexpatw.lib(libexpatw.dll) : warning LNK4006: __imp__XML_FreeContentModel ist bereits in "libexpat.lib(libexpat.dll)" definiert; zweite Definition wird ignoriert.
libexpatw.lib(libexpatw.dll) : warning LNK4006: _XML_FreeContentModel ist bereits in "libexpat.lib(libexpat.dll)" definiert; zweite Definition wird ignoriert.
libexpatw.lib(libexpatw.dll) : warning LNK4006: __imp__XML_ExternalEntityParserCreate ist bereits in "libexpat.lib(libexpat.dll)" definiert; zweite Definition wird ignoriert.
libexpatw.lib(libexpatw.dll) : warning LNK4006: _XML_ExternalEntityParserCreate ist bereits in "libexpat.lib(libexpat.dll)" definiert; zweite Definition wird ignoriert.
libexpatw.lib(libexpatw.dll) : warning LNK4006: __imp__XML_ExpatVersionInfo ist bereits in "libexpat.lib(libexpat.dll)" definiert; zweite Definition wird ignoriert.
libexpatw.lib(libexpatw.dll) : warning LNK4006: _XML_ExpatVersionInfo ist bereits in "libexpat.lib(libexpat.dll)" definiert; zweite Definition wird ignoriert.
libexpatw.lib(libexpatw.dll) : warning LNK4006: __imp__XML_ExpatVersion ist bereits in "libexpat.lib(libexpat.dll)" definiert; zweite Definition wird ignoriert.
libexpatw.lib(libexpatw.dll) : warning LNK4006: _XML_ExpatVersion ist bereits in "libexpat.lib(libexpat.dll)" definiert; zweite Definition wird ignoriert.
libexpatw.lib(libexpatw.dll) : warning LNK4006: __imp__XML_ErrorString ist bereits in "libexpat.lib(libexpat.dll)" definiert; zweite Definition wird ignoriert.
libexpatw.lib(libexpatw.dll) : warning LNK4006: _XML_ErrorString ist bereits in "libexpat.lib(libexpat.dll)" definiert; zweite Definition wird ignoriert.
libexpatw.lib(libexpatw.dll) : warning LNK4006: __imp__XML_DefaultCurrent ist bereits in "libexpat.lib(libexpat.dll)" definiert; zweite Definition wird ignoriert.
libexpatw.lib(libexpatw.dll) : warning LNK4006: _XML_DefaultCurrent ist bereits in "libexpat.lib(libexpat.dll)" definiert; zweite Definition wird ignoriert.
libexpatw.lib(libexpatw.dll) : warning LNK4006: __NULL_IMPORT_DESCRIPTOR ist bereits in "libexpat.lib(libexpat.dll)" definiert; zweite Definition wird ignoriert.
libexpatMT.lib(xmlparse.obj) : warning LNK4006: _XML_SetElementDeclHandler ist bereits in "libexpat.lib(libexpat.dll)" definiert; zweite Definition wird ignoriert.
libexpatMT.lib(xmlparse.obj) : warning LNK4006: _XML_SetAttlistDeclHandler ist bereits in "libexpat.lib(libexpat.dll)" definiert; zweite Definition wird ignoriert.
libexpatMT.lib(xmlparse.obj) : warning LNK4006: _XML_SetXmlDeclHandler ist bereits in "libexpat.lib(libexpat.dll)" definiert; zweite Definition wird ignoriert.
libexpatMT.lib(xmlparse.obj) : warning LNK4006: _XML_ParserCreate ist bereits in "libexpat.lib(libexpat.dll)" definiert; zweite Definition wird ignoriert.
libexpatMT.lib(xmlparse.obj) : warning LNK4006: _XML_ParserCreateNS ist bereits in "libexpat.lib(libexpat.dll)" definiert; zweite Definition wird ignoriert.
libexpatMT.lib(xmlparse.obj) : warning LNK4006: _XML_ParserCreate_MM ist bereits in "libexpat.lib(libexpat.dll)" definiert; zweite Definition wird ignoriert.
libexpatMT.lib(xmlparse.obj) : warning LNK4006: _XML_ParserReset ist bereits in "libexpat.lib(libexpat.dll)" definiert; zweite Definition wird ignoriert.
libexpatMT.lib(xmlparse.obj) : warning LNK4006: _XML_SetEntityDeclHandler ist bereits in "libexpat.lib(libexpat.dll)" definiert; zweite Definition wird ignoriert.
libexpatMT.lib(xmlparse.obj) : warning LNK4006: _XML_SetElementHandler ist bereits in "libexpat.lib(libexpat.dll)" definiert; zweite Definition wird ignoriert.
libexpatMT.lib(xmlparse.obj) : warning LNK4006: _XML_SetStartElementHandler ist bereits in "libexpat.lib(libexpat.dll)" definiert; zweite Definition wird ignoriert.
libexpatMT.lib(xmlparse.obj) : warning LNK4006: _XML_SetEndElementHandler ist bereits in "libexpat.lib(libexpat.dll)" definiert; zweite Definition wird ignoriert.
libexpatMT.lib(xmlparse.obj) : warning LNK4006: _XML_SetCharacterDataHandler ist bereits in "libexpat.lib(libexpat.dll)" definiert; zweite Definition wird ignoriert.
libexpatMT.lib(xmlparse.obj) : warning LNK4006: _XML_SetProcessingInstructionHandler ist bereits in "libexpat.lib(libexpat.dll)" definiert; zweite Definition wird ignoriert.
libexpatMT.lib(xmlparse.obj) : warning LNK4006: _XML_SetCommentHandler ist bereits in "libexpat.lib(libexpat.dll)" definiert; zweite Definition wird ignoriert.
libexpatMT.lib(xmlparse.obj) : warning LNK4006: _XML_SetCdataSectionHandler ist bereits in "libexpat.lib(libexpat.dll)" definiert; zweite Definition wird ignoriert.
libexpatMT.lib(xmlparse.obj) : warning LNK4006: _XML_SetStartCdataSectionHandler ist bereits in "libexpat.lib(libexpat.dll)" definiert; zweite Definition wird ignoriert.
libexpatMT.lib(xmlparse.obj) : warning LNK4006: _XML_SetEndCdataSectionHandler ist bereits in "libexpat.lib(libexpat.dll)" definiert; zweite Definition wird ignoriert.
libexpatMT.lib(xmlparse.obj) : warning LNK4006: _XML_SetDefaultHandler ist bereits in "libexpat.lib(libexpat.dll)" definiert; zweite Definition wird ignoriert.
libexpatMT.lib(xmlparse.obj) : warning LNK4006: _XML_SetDefaultHandlerExpand ist bereits in "libexpat.lib(libexpat.dll)" definiert; zweite Definition wird ignoriert.
libexpatMT.lib(xmlparse.obj) : warning LNK4006: _XML_SetDoctypeDeclHandler ist bereits in "libexpat.lib(libexpat.dll)" definiert; zweite Definition wird ignoriert.
libexpatMT.lib(xmlparse.obj) : warning LNK4006: _XML_SetStartDoctypeDeclHandler ist bereits in "libexpat.lib(libexpat.dll)" definiert; zweite Definition wird ignoriert.
libexpatMT.lib(xmlparse.obj) : warning LNK4006: _XML_SetEndDoctypeDeclHandler ist bereits in "libexpat.lib(libexpat.dll)" definiert; zweite Definition wird ignoriert.
libexpatMT.lib(xmlparse.obj) : warning LNK4006: _XML_SetUnparsedEntityDeclHandler ist bereits in "libexpat.lib(libexpat.dll)" definiert; zweite Definition wird ignoriert.
libexpatMT.lib(xmlparse.obj) : warning LNK4006: _XML_SetNotationDeclHandler ist bereits in "libexpat.lib(libexpat.dll)" definiert; zweite Definition wird ignoriert.
libexpatMT.lib(xmlparse.obj) : warning LNK4006: _XML_SetNamespaceDeclHandler ist bereits in "libexpat.lib(libexpat.dll)" definiert; zweite Definition wird ignoriert.
libexpatMT.lib(xmlparse.obj) : warning LNK4006: _XML_SetStartNamespaceDeclHandler ist bereits in "libexpat.lib(libexpat.dll)" definiert; zweite Definition wird ignoriert.
libexpatMT.lib(xmlparse.obj) : warning LNK4006: _XML_SetEndNamespaceDeclHandler ist bereits in "libexpat.lib(libexpat.dll)" definiert; zweite Definition wird ignoriert.
libexpatMT.lib(xmlparse.obj) : warning LNK4006: _XML_SetNotStandaloneHandler ist bereits in "libexpat.lib(libexpat.dll)" definiert; zweite Definition wird ignoriert.
libexpatMT.lib(xmlparse.obj) : warning LNK4006: _XML_SetExternalEntityRefHandler ist bereits in "libexpat.lib(libexpat.dll)" definiert; zweite Definition wird ignoriert.
libexpatMT.lib(xmlparse.obj) : warning LNK4006: _XML_SetExternalEntityRefHandlerArg ist bereits in "libexpat.lib(libexpat.dll)" definiert; zweite Definition wird ignoriert.
libexpatMT.lib(xmlparse.obj) : warning LNK4006: _XML_SetSkippedEntityHandler ist bereits in "libexpat.lib(libexpat.dll)" definiert; zweite Definition wird ignoriert.
libexpatMT.lib(xmlparse.obj) : warning LNK4006: _XML_SetUnknownEncodingHandler ist bereits in "libexpat.lib(libexpat.dll)" definiert; zweite Definition wird ignoriert.
libexpatMT.lib(xmlparse.obj) : warning LNK4006: _XML_DefaultCurrent ist bereits in "libexpat.lib(libexpat.dll)" definiert; zweite Definition wird ignoriert.
libexpatMT.lib(xmlparse.obj) : warning LNK4006: _XML_SetReturnNSTriplet ist bereits in "libexpat.lib(libexpat.dll)" definiert; zweite Definition wird ignoriert.
libexpatMT.lib(xmlparse.obj) : warning LNK4006: _XML_SetUserData ist bereits in "libexpat.lib(libexpat.dll)" definiert; zweite Definition wird ignoriert.
libexpatMT.lib(xmlparse.obj) : warning LNK4006: _XML_SetEncoding ist bereits in "libexpat.lib(libexpat.dll)" definiert; zweite Definition wird ignoriert.
libexpatMT.lib(xmlparse.obj) : warning LNK4006: _XML_UseParserAsHandlerArg ist bereits in "libexpat.lib(libexpat.dll)" definiert; zweite Definition wird ignoriert.
libexpatMT.lib(xmlparse.obj) : warning LNK4006: _XML_UseForeignDTD ist bereits in "libexpat.lib(libexpat.dll)" definiert; zweite Definition wird ignoriert.
libexpatMT.lib(xmlparse.obj) : warning LNK4006: _XML_SetBase ist bereits in "libexpat.lib(libexpat.dll)" definiert; zweite Definition wird ignoriert.
libexpatMT.lib(xmlparse.obj) : warning LNK4006: _XML_GetBase ist bereits in "libexpat.lib(libexpat.dll)" definiert; zweite Definition wird ignoriert.
libexpatMT.lib(xmlparse.obj) : warning LNK4006: _XML_GetSpecifiedAttributeCount ist bereits in "libexpat.lib(libexpat.dll)" definiert; zweite Definition wird ignoriert.
libexpatMT.lib(xmlparse.obj) : warning LNK4006: _XML_GetIdAttributeIndex ist bereits in "libexpat.lib(libexpat.dll)" definiert; zweite Definition wird ignoriert.
libexpatMT.lib(xmlparse.obj) : warning LNK4006: _XML_Parse ist bereits in "libexpat.lib(libexpat.dll)" definiert; zweite Definition wird ignoriert.
libexpatMT.lib(xmlparse.obj) : warning LNK4006: _XML_GetBuffer ist bereits in "libexpat.lib(libexpat.dll)" definiert; zweite Definition wird ignoriert.
libexpatMT.lib(xmlparse.obj) : warning LNK4006: _XML_ParseBuffer ist bereits in "libexpat.lib(libexpat.dll)" definiert; zweite Definition wird ignoriert.
libexpatMT.lib(xmlparse.obj) : warning LNK4006: _XML_StopParser ist bereits in "libexpat.lib(libexpat.dll)" definiert; zweite Definition wird ignoriert.
libexpatMT.lib(xmlparse.obj) : warning LNK4006: _XML_ResumeParser ist bereits in "libexpat.lib(libexpat.dll)" definiert; zweite Definition wird ignoriert.
libexpatMT.lib(xmlparse.obj) : warning LNK4006: _XML_GetParsingStatus ist bereits in "libexpat.lib(libexpat.dll)" definiert; zweite Definition wird ignoriert.
libexpatMT.lib(xmlparse.obj) : warning LNK4006: _XML_ExternalEntityParserCreate ist bereits in "libexpat.lib(libexpat.dll)" definiert; zweite Definition wird ignoriert.
libexpatMT.lib(xmlparse.obj) : warning LNK4006: _XML_SetParamEntityParsing ist bereits in "libexpat.lib(libexpat.dll)" definiert; zweite Definition wird ignoriert.
libexpatMT.lib(xmlparse.obj) : warning LNK4006: _XML_SetHashSalt ist bereits in "libexpat.lib(libexpat.dll)" definiert; zweite Definition wird ignoriert.
libexpatMT.lib(xmlparse.obj) : warning LNK4006: _XML_GetErrorCode ist bereits in "libexpat.lib(libexpat.dll)" definiert; zweite Definition wird ignoriert.
libexpatMT.lib(xmlparse.obj) : warning LNK4006: _XML_GetCurrentLineNumber ist bereits in "libexpat.lib(libexpat.dll)" definiert; zweite Definition wird ignoriert.
libexpatMT.lib(xmlparse.obj) : warning LNK4006: _XML_GetCurrentColumnNumber ist bereits in "libexpat.lib(libexpat.dll)" definiert; zweite Definition wird ignoriert.
libexpatMT.lib(xmlparse.obj) : warning LNK4006: _XML_GetCurrentByteIndex ist bereits in "libexpat.lib(libexpat.dll)" definiert; zweite Definition wird ignoriert.
libexpatMT.lib(xmlparse.obj) : warning LNK4006: _XML_GetCurrentByteCount ist bereits in "libexpat.lib(libexpat.dll)" definiert; zweite Definition wird ignoriert.
libexpatMT.lib(xmlparse.obj) : warning LNK4006: _XML_GetInputContext ist bereits in "libexpat.lib(libexpat.dll)" definiert; zweite Definition wird ignoriert.
libexpatMT.lib(xmlparse.obj) : warning LNK4006: _XML_FreeContentModel ist bereits in "libexpat.lib(libexpat.dll)" definiert; zweite Definition wird ignoriert.
libexpatMT.lib(xmlparse.obj) : warning LNK4006: _XML_MemMalloc ist bereits in "libexpat.lib(libexpat.dll)" definiert; zweite Definition wird ignoriert.
libexpatMT.lib(xmlparse.obj) : warning LNK4006: _XML_MemRealloc ist bereits in "libexpat.lib(libexpat.dll)" definiert; zweite Definition wird ignoriert.
libexpatMT.lib(xmlparse.obj) : warning LNK4006: _XML_MemFree ist bereits in "libexpat.lib(libexpat.dll)" definiert; zweite Definition wird ignoriert.
libexpatMT.lib(xmlparse.obj) : warning LNK4006: _XML_ParserFree ist bereits in "libexpat.lib(libexpat.dll)" definiert; zweite Definition wird ignoriert.
libexpatMT.lib(xmlparse.obj) : warning LNK4006: _XML_ErrorString ist bereits in "libexpat.lib(libexpat.dll)" definiert; zweite Definition wird ignoriert.
libexpatMT.lib(xmlparse.obj) : warning LNK4006: _XML_ExpatVersion ist bereits in "libexpat.lib(libexpat.dll)" definiert; zweite Definition wird ignoriert.
libexpatMT.lib(xmlparse.obj) : warning LNK4006: _XML_ExpatVersionInfo ist bereits in "libexpat.lib(libexpat.dll)" definiert; zweite Definition wird ignoriert.
libexpatMT.lib(xmlparse.obj) : warning LNK4006: _XML_GetFeatureList ist bereits in "libexpat.lib(libexpat.dll)" definiert; zweite Definition wird ignoriert.
libexpatMT.lib(xmlparse.obj) : warning LNK4006: _XML_SetBillionLaughsAttackProtectionMaximumAmplification ist bereits in "libexpat.lib(libexpat.dll)" definiert; zweite Definition wird ignoriert.
libexpatMT.lib(xmlparse.obj) : warning LNK4006: _XML_SetBillionLaughsAttackProtectionActivationThreshold ist bereits in "libexpat.lib(libexpat.dll)" definiert; zweite Definition wird ignoriert.
libexpatMT.lib(xmlparse.obj) : warning LNK4006: _XML_SetReparseDeferralEnabled ist bereits in "libexpat.lib(libexpat.dll)" definiert; zweite Definition wird ignoriert.
libexpatwMT.lib(xmlparse.obj) : warning LNK4006: _g_reparseDeferralEnabledDefault ist bereits in "libexpatMT.lib(xmlparse.obj)" definiert; zweite Definition wird ignoriert.
libexpatwMT.lib(xmlparse.obj) : warning LNK4006: _XML_SetElementDeclHandler ist bereits in "libexpat.lib(libexpat.dll)" definiert; zweite Definition wird ignoriert.
libexpatwMT.lib(xmlparse.obj) : warning LNK4006: _XML_SetAttlistDeclHandler ist bereits in "libexpat.lib(libexpat.dll)" definiert; zweite Definition wird ignoriert.
libexpatwMT.lib(xmlparse.obj) : warning LNK4006: _XML_SetXmlDeclHandler ist bereits in "libexpat.lib(libexpat.dll)" definiert; zweite Definition wird ignoriert.
libexpatwMT.lib(xmlparse.obj) : warning LNK4006: _XML_ParserCreate ist bereits in "libexpat.lib(libexpat.dll)" definiert; zweite Definition wird ignoriert.
libexpatwMT.lib(xmlparse.obj) : warning LNK4006: _XML_ParserCreateNS ist bereits in "libexpat.lib(libexpat.dll)" definiert; zweite Definition wird ignoriert.
libexpatwMT.lib(xmlparse.obj) : warning LNK4006: _XML_ParserCreate_MM ist bereits in "libexpat.lib(libexpat.dll)" definiert; zweite Definition wird ignoriert.
libexpatwMT.lib(xmlparse.obj) : warning LNK4006: _XML_ParserReset ist bereits in "libexpat.lib(libexpat.dll)" definiert; zweite Definition wird ignoriert.
libexpatwMT.lib(xmlparse.obj) : warning LNK4006: _XML_SetEntityDeclHandler ist bereits in "libexpat.lib(libexpat.dll)" definiert; zweite Definition wird ignoriert.
libexpatwMT.lib(xmlparse.obj) : warning LNK4006: _XML_SetElementHandler ist bereits in "libexpat.lib(libexpat.dll)" definiert; zweite Definition wird ignoriert.
libexpatwMT.lib(xmlparse.obj) : warning LNK4006: _XML_SetStartElementHandler ist bereits in "libexpat.lib(libexpat.dll)" definiert; zweite Definition wird ignoriert.
libexpatwMT.lib(xmlparse.obj) : warning LNK4006: _XML_SetEndElementHandler ist bereits in "libexpat.lib(libexpat.dll)" definiert; zweite Definition wird ignoriert.
libexpatwMT.lib(xmlparse.obj) : warning LNK4006: _XML_SetCharacterDataHandler ist bereits in "libexpat.lib(libexpat.dll)" definiert; zweite Definition wird ignoriert.
libexpatwMT.lib(xmlparse.obj) : warning LNK4006: _XML_SetProcessingInstructionHandler ist bereits in "libexpat.lib(libexpat.dll)" definiert; zweite Definition wird ignoriert.
libexpatwMT.lib(xmlparse.obj) : warning LNK4006: _XML_SetCommentHandler ist bereits in "libexpat.lib(libexpat.dll)" definiert; zweite Definition wird ignoriert.
libexpatwMT.lib(xmlparse.obj) : warning LNK4006: _XML_SetCdataSectionHandler ist bereits in "libexpat.lib(libexpat.dll)" definiert; zweite Definition wird ignoriert.
libexpatwMT.lib(xmlparse.obj) : warning LNK4006: _XML_SetStartCdataSectionHandler ist bereits in "libexpat.lib(libexpat.dll)" definiert; zweite Definition wird ignoriert.
libexpatwMT.lib(xmlparse.obj) : warning LNK4006: _XML_SetEndCdataSectionHandler ist bereits in "libexpat.lib(libexpat.dll)" definiert; zweite Definition wird ignoriert.
libexpatwMT.lib(xmlparse.obj) : warning LNK4006: _XML_SetDefaultHandler ist bereits in "libexpat.lib(libexpat.dll)" definiert; zweite Definition wird ignoriert.
libexpatwMT.lib(xmlparse.obj) : warning LNK4006: _XML_SetDefaultHandlerExpand ist bereits in "libexpat.lib(libexpat.dll)" definiert; zweite Definition wird ignoriert.
libexpatwMT.lib(xmlparse.obj) : warning LNK4006: _XML_SetDoctypeDeclHandler ist bereits in "libexpat.lib(libexpat.dll)" definiert; zweite Definition wird ignoriert.
libexpatwMT.lib(xmlparse.obj) : warning LNK4006: _XML_SetStartDoctypeDeclHandler ist bereits in "libexpat.lib(libexpat.dll)" definiert; zweite Definition wird ignoriert.
libexpatwMT.lib(xmlparse.obj) : warning LNK4006: _XML_SetEndDoctypeDeclHandler ist bereits in "libexpat.lib(libexpat.dll)" definiert; zweite Definition wird ignoriert.
libexpatwMT.lib(xmlparse.obj) : warning LNK4006: _XML_SetUnparsedEntityDeclHandler ist bereits in "libexpat.lib(libexpat.dll)" definiert; zweite Definition wird ignoriert.
libexpatwMT.lib(xmlparse.obj) : warning LNK4006: _XML_SetNotationDeclHandler ist bereits in "libexpat.lib(libexpat.dll)" definiert; zweite Definition wird ignoriert.
libexpatwMT.lib(xmlparse.obj) : warning LNK4006: _XML_SetNamespaceDeclHandler ist bereits in "libexpat.lib(libexpat.dll)" definiert; zweite Definition wird ignoriert.
libexpatwMT.lib(xmlparse.obj) : warning LNK4006: _XML_SetStartNamespaceDeclHandler ist bereits in "libexpat.lib(libexpat.dll)" definiert; zweite Definition wird ignoriert.
libexpatwMT.lib(xmlparse.obj) : warning LNK4006: _XML_SetEndNamespaceDeclHandler ist bereits in "libexpat.lib(libexpat.dll)" definiert; zweite Definition wird ignoriert.
libexpatwMT.lib(xmlparse.obj) : warning LNK4006: _XML_SetNotStandaloneHandler ist bereits in "libexpat.lib(libexpat.dll)" definiert; zweite Definition wird ignoriert.
libexpatwMT.lib(xmlparse.obj) : warning LNK4006: _XML_SetExternalEntityRefHandler ist bereits in "libexpat.lib(libexpat.dll)" definiert; zweite Definition wird ignoriert.
libexpatwMT.lib(xmlparse.obj) : warning LNK4006: _XML_SetExternalEntityRefHandlerArg ist bereits in "libexpat.lib(libexpat.dll)" definiert; zweite Definition wird ignoriert.
libexpatwMT.lib(xmlparse.obj) : warning LNK4006: _XML_SetSkippedEntityHandler ist bereits in "libexpat.lib(libexpat.dll)" definiert; zweite Definition wird ignoriert.
libexpatwMT.lib(xmlparse.obj) : warning LNK4006: _XML_SetUnknownEncodingHandler ist bereits in "libexpat.lib(libexpat.dll)" definiert; zweite Definition wird ignoriert.
libexpatwMT.lib(xmlparse.obj) : warning LNK4006: _XML_DefaultCurrent ist bereits in "libexpat.lib(libexpat.dll)" definiert; zweite Definition wird ignoriert.
libexpatwMT.lib(xmlparse.obj) : warning LNK4006: _XML_SetReturnNSTriplet ist bereits in "libexpat.lib(libexpat.dll)" definiert; zweite Definition wird ignoriert.
libexpatwMT.lib(xmlparse.obj) : warning LNK4006: _XML_SetUserData ist bereits in "libexpat.lib(libexpat.dll)" definiert; zweite Definition wird ignoriert.
libexpatwMT.lib(xmlparse.obj) : warning LNK4006: _XML_SetEncoding ist bereits in "libexpat.lib(libexpat.dll)" definiert; zweite Definition wird ignoriert.
libexpatwMT.lib(xmlparse.obj) : warning LNK4006: _XML_UseParserAsHandlerArg ist bereits in "libexpat.lib(libexpat.dll)" definiert; zweite Definition wird ignoriert.
libexpatwMT.lib(xmlparse.obj) : warning LNK4006: _XML_UseForeignDTD ist bereits in "libexpat.lib(libexpat.dll)" definiert; zweite Definition wird ignoriert.
libexpatwMT.lib(xmlparse.obj) : warning LNK4006: _XML_SetBase ist bereits in "libexpat.lib(libexpat.dll)" definiert; zweite Definition wird ignoriert.
libexpatwMT.lib(xmlparse.obj) : warning LNK4006: _XML_GetBase ist bereits in "libexpat.lib(libexpat.dll)" definiert; zweite Definition wird ignoriert.
libexpatwMT.lib(xmlparse.obj) : warning LNK4006: _XML_GetSpecifiedAttributeCount ist bereits in "libexpat.lib(libexpat.dll)" definiert; zweite Definition wird ignoriert.
libexpatwMT.lib(xmlparse.obj) : warning LNK4006: _XML_GetIdAttributeIndex ist bereits in "libexpat.lib(libexpat.dll)" definiert; zweite Definition wird ignoriert.
libexpatwMT.lib(xmlparse.obj) : warning LNK4006: _XML_Parse ist bereits in "libexpat.lib(libexpat.dll)" definiert; zweite Definition wird ignoriert.
libexpatwMT.lib(xmlparse.obj) : warning LNK4006: _XML_GetBuffer ist bereits in "libexpat.lib(libexpat.dll)" definiert; zweite Definition wird ignoriert.
libexpatwMT.lib(xmlparse.obj) : warning LNK4006: _XML_ParseBuffer ist bereits in "libexpat.lib(libexpat.dll)" definiert; zweite Definition wird ignoriert.
libexpatwMT.lib(xmlparse.obj) : warning LNK4006: _XML_StopParser ist bereits in "libexpat.lib(libexpat.dll)" definiert; zweite Definition wird ignoriert.
libexpatwMT.lib(xmlparse.obj) : warning LNK4006: _XML_ResumeParser ist bereits in "libexpat.lib(libexpat.dll)" definiert; zweite Definition wird ignoriert.
libexpatwMT.lib(xmlparse.obj) : warning LNK4006: _XML_GetParsingStatus ist bereits in "libexpat.lib(libexpat.dll)" definiert; zweite Definition wird ignoriert.
libexpatwMT.lib(xmlparse.obj) : warning LNK4006: _XML_ExternalEntityParserCreate ist bereits in "libexpat.lib(libexpat.dll)" definiert; zweite Definition wird ignoriert.
libexpatwMT.lib(xmlparse.obj) : warning LNK4006: _XML_SetParamEntityParsing ist bereits in "libexpat.lib(libexpat.dll)" definiert; zweite Definition wird ignoriert.
libexpatwMT.lib(xmlparse.obj) : warning LNK4006: _XML_SetHashSalt ist bereits in "libexpat.lib(libexpat.dll)" definiert; zweite Definition wird ignoriert.
libexpatwMT.lib(xmlparse.obj) : warning LNK4006: _XML_GetErrorCode ist bereits in "libexpat.lib(libexpat.dll)" definiert; zweite Definition wird ignoriert.
libexpatwMT.lib(xmlparse.obj) : warning LNK4006: _XML_GetCurrentLineNumber ist bereits in "libexpat.lib(libexpat.dll)" definiert; zweite Definition wird ignoriert.
libexpatwMT.lib(xmlparse.obj) : warning LNK4006: _XML_GetCurrentColumnNumber ist bereits in "libexpat.lib(libexpat.dll)" definiert; zweite Definition wird ignoriert.
libexpatwMT.lib(xmlparse.obj) : warning LNK4006: _XML_GetCurrentByteIndex ist bereits in "libexpat.lib(libexpat.dll)" definiert; zweite Definition wird ignoriert.
libexpatwMT.lib(xmlparse.obj) : warning LNK4006: _XML_GetCurrentByteCount ist bereits in "libexpat.lib(libexpat.dll)" definiert; zweite Definition wird ignoriert.
libexpatwMT.lib(xmlparse.obj) : warning LNK4006: _XML_GetInputContext ist bereits in "libexpat.lib(libexpat.dll)" definiert; zweite Definition wird ignoriert.
libexpatwMT.lib(xmlparse.obj) : warning LNK4006: _XML_FreeContentModel ist bereits in "libexpat.lib(libexpat.dll)" definiert; zweite Definition wird ignoriert.
libexpatwMT.lib(xmlparse.obj) : warning LNK4006: _XML_MemMalloc ist bereits in "libexpat.lib(libexpat.dll)" definiert; zweite Definition wird ignoriert.
libexpatwMT.lib(xmlparse.obj) : warning LNK4006: _XML_MemRealloc ist bereits in "libexpat.lib(libexpat.dll)" definiert; zweite Definition wird ignoriert.
libexpatwMT.lib(xmlparse.obj) : warning LNK4006: _XML_MemFree ist bereits in "libexpat.lib(libexpat.dll)" definiert; zweite Definition wird ignoriert.
libexpatwMT.lib(xmlparse.obj) : warning LNK4006: _XML_ParserFree ist bereits in "libexpat.lib(libexpat.dll)" definiert; zweite Definition wird ignoriert.
libexpatwMT.lib(xmlparse.obj) : warning LNK4006: _XML_ErrorString ist bereits in "libexpat.lib(libexpat.dll)" definiert; zweite Definition wird ignoriert.
libexpatwMT.lib(xmlparse.obj) : warning LNK4006: _XML_ExpatVersion ist bereits in "libexpat.lib(libexpat.dll)" definiert; zweite Definition wird ignoriert.
libexpatwMT.lib(xmlparse.obj) : warning LNK4006: _XML_ExpatVersionInfo ist bereits in "libexpat.lib(libexpat.dll)" definiert; zweite Definition wird ignoriert.
libexpatwMT.lib(xmlparse.obj) : warning LNK4006: _XML_GetFeatureList ist bereits in "libexpat.lib(libexpat.dll)" definiert; zweite Definition wird ignoriert.
libexpatwMT.lib(xmlparse.obj) : warning LNK4006: _XML_SetBillionLaughsAttackProtectionMaximumAmplification ist bereits in "libexpat.lib(libexpat.dll)" definiert; zweite Definition wird ignoriert.
libexpatwMT.lib(xmlparse.obj) : warning LNK4006: _XML_SetBillionLaughsAttackProtectionActivationThreshold ist bereits in "libexpat.lib(libexpat.dll)" definiert; zweite Definition wird ignoriert.
libexpatwMT.lib(xmlparse.obj) : warning LNK4006: _XML_SetReparseDeferralEnabled ist bereits in "libexpat.lib(libexpat.dll)" definiert; zweite Definition wird ignoriert.
libexpatwMT.lib(xmlparse.obj) : warning LNK4006: _testingAccountingGetCountBytesDirect ist bereits in "libexpatMT.lib(xmlparse.obj)" definiert; zweite Definition wird ignoriert.
libexpatwMT.lib(xmlparse.obj) : warning LNK4006: _testingAccountingGetCountBytesIndirect ist bereits in "libexpatMT.lib(xmlparse.obj)" definiert; zweite Definition wird ignoriert.
libexpatwMT.lib(xmlparse.obj) : warning LNK4006: _unsignedCharToPrintable ist bereits in "libexpatMT.lib(xmlparse.obj)" definiert; zweite Definition wird ignoriert.
libexpatwMT.lib(xmlrole.obj) : warning LNK4006: _XmlPrologStateInit ist bereits in "libexpatMT.lib(xmlrole.obj)" definiert; zweite Definition wird ignoriert.
libexpatwMT.lib(xmlrole.obj) : warning LNK4006: _XmlPrologStateInitExternalEntity ist bereits in "libexpatMT.lib(xmlrole.obj)" definiert; zweite Definition wird ignoriert.
libexpatwMT.lib(xmltok.obj) : warning LNK4006: __INTERNAL_trim_to_complete_utf8_characters ist bereits in "libexpatMT.lib(xmltok.obj)" definiert; zweite Definition wird ignoriert.
libexpatwMT.lib(xmltok.obj) : warning LNK4006: _XmlParseXmlDecl ist bereits in "libexpatMT.lib(xmltok.obj)" definiert; zweite Definition wird ignoriert.
libexpatwMT.lib(xmltok.obj) : warning LNK4006: _XmlInitEncoding ist bereits in "libexpatMT.lib(xmltok.obj)" definiert; zweite Definition wird ignoriert.
libexpatwMT.lib(xmltok.obj) : warning LNK4006: _XmlGetUtf8InternalEncoding ist bereits in "libexpatMT.lib(xmltok.obj)" definiert; zweite Definition wird ignoriert.
libexpatwMT.lib(xmltok.obj) : warning LNK4006: _XmlGetUtf16InternalEncoding ist bereits in "libexpatMT.lib(xmltok.obj)" definiert; zweite Definition wird ignoriert.
libexpatwMT.lib(xmltok.obj) : warning LNK4006: _XmlUtf8Encode ist bereits in "libexpatMT.lib(xmltok.obj)" definiert; zweite Definition wird ignoriert.
libexpatwMT.lib(xmltok.obj) : warning LNK4006: _XmlUtf16Encode ist bereits in "libexpatMT.lib(xmltok.obj)" definiert; zweite Definition wird ignoriert.
libexpatwMT.lib(xmltok.obj) : warning LNK4006: _XmlSizeOfUnknownEncoding ist bereits in "libexpatMT.lib(xmltok.obj)" definiert; zweite Definition wird ignoriert.
libexpatwMT.lib(xmltok.obj) : warning LNK4006: _XmlInitUnknownEncoding ist bereits in "libexpatMT.lib(xmltok.obj)" definiert; zweite Definition wird ignoriert.
libexpatwMT.lib(xmltok.obj) : warning LNK4006: _XmlParseXmlDeclNS ist bereits in "libexpatMT.lib(xmltok.obj)" definiert; zweite Definition wird ignoriert.
libexpatwMT.lib(xmltok.obj) : warning LNK4006: _XmlInitEncodingNS ist bereits in "libexpatMT.lib(xmltok.obj)" definiert; zweite Definition wird ignoriert.
libexpatwMT.lib(xmltok.obj) : warning LNK4006: _XmlGetUtf8InternalEncodingNS ist bereits in "libexpatMT.lib(xmltok.obj)" definiert; zweite Definition wird ignoriert.
libexpatwMT.lib(xmltok.obj) : warning LNK4006: _XmlGetUtf16InternalEncodingNS ist bereits in "libexpatMT.lib(xmltok.obj)" definiert; zweite Definition wird ignoriert.
libexpatwMT.lib(xmltok.obj) : warning LNK4006: _XmlInitUnknownEncodingNS ist bereits in "libexpatMT.lib(xmltok.obj)" definiert; zweite Definition wird ignoriert.
  StaticOsmReader.vcxproj -> C:\Users\Subira\source\repos\Kern\Debug\StaticOsmReader.lib
